make all -f /Users/marcusguimaraes/Desktop/crafting-interpreters/clox/Makefile -C /Users/marcusguimaraes/Desktop/crafting-interpreters/clox --print-data-base --no-builtin-variables --no-builtin-rules --question
# GNU Make 3.81
# Copyright (C) 2006  Free Software Foundation, Inc.
# This is free software; see the source for copying conditions.
# There is NO warranty; not even for MERCHANTABILITY or FITNESS FOR A
# PARTICULAR PURPOSE.

# This program built for i386-apple-darwin11.3.0
 
make: *** No rule to make target `all'.  Stop.
 

# Make data base, printed on Tue Jan 18 11:49:31 2022

# Variables

 
# automatic
<D = $(patsubst %/,%,$(dir $<))
# automatic
?F = $(notdir $?)
# environment
VSCODE_LOG_NATIVE = false
# environment
LIBRARY = /Users/marcusguimaraes/g3d/G3D10/build/lib:/Users/marcusguimaraes/g3d/G3D10/build/bin:
# automatic
?D = $(patsubst %/,%,$(dir $?))
# automatic
@D = $(patsubst %/,%,$(dir $@))
# automatic
@F = $(notdir $@)
# makefile
CURDIR := /Users/marcusguimaraes/Desktop/crafting-interpreters/clox
# makefile (from `/Users/marcusguimaraes/Desktop/crafting-interpreters/clox/Makefile', line 1)
SHELL = /usr/bin/env bash
# environment
VSCODE_NLS_CONFIG = {"locale":"en-us","availableLanguages":{},"_languagePackSupport":true}
# environment
_ = /usr/bin/make
# makefile (from `/Users/marcusguimaraes/Desktop/crafting-interpreters/clox/Makefile', line 3)
CFLAGS = -g -I.
# makefile (from `/Users/marcusguimaraes/Desktop/crafting-interpreters/clox/Makefile', line 1)
MAKEFILE_LIST :=  /Users/marcusguimaraes/Desktop/crafting-interpreters/clox/Makefile
# makefile (from `/Users/marcusguimaraes/Desktop/crafting-interpreters/clox/Makefile', line 10)
SOURCES := ./chunk.c ./debug.c ./main.c ./memory.c ./value.c
# environment
VSCODE_VERBOSE_LOGGING = true
# environment
__CFBundleIdentifier = com.microsoft.VSCode
# environment
VSCODE_IPC_HOOK_EXTHOST = /var/folders/x6/ytl2jgyn4tg4q9q80pntbg_80000gn/T/vscode-ipc-a0dac2b3-8170-4bb1-851e-d37ae2cf3900.sock
# environment
VSCODE_CWD = /
# environment
PATH = /Users/marcusguimaraes/bin:/usr/local/bin:/opt/local/bin:/opt/local/sbin:/Users/marcusguimaraes/.cargo/bin:/usr/local/bin:/usr/bin:/bin:/usr/sbin:/sbin:/usr/local/share/dotnet:~/.dotnet/tools:/Users/marcusguimaraes/g3d/G3D10/bin:/Users/marcusguimaraes/g3d/G3D10/build/bin
# environment
LSCOLORS = Gxfxcxdxbxegedabagacad
# environment
VSCODE_IPC_HOOK = /Users/marcusguimaraes/Library/Application Support/Code/1.63.2-main.sock
# environment
VSCODE_LOG_STACK = false
# environment
ELECTRON_RUN_AS_NODE = 1
# default
.FEATURES := target-specific order-only second-expansion else-if archives jobserver check-symlink
# environment
SSH_AUTH_SOCK = /private/tmp/com.apple.launchd.aiBjxkKBT4/Listeners
# automatic
%F = $(notdir $%)
# makefile (from `/Users/marcusguimaraes/Desktop/crafting-interpreters/clox/Makefile', line 4)
SOURCE_DIR = .
# environment
VSCODE_PIPE_LOGGING = true
# environment
PWD = /Users/marcusguimaraes/Desktop/crafting-interpreters
# environment
ORIGINAL_XDG_CURRENT_DESKTOP = undefined
# environment
VSCODE_AMD_ENTRYPOINT = vs/workbench/services/extensions/node/extensionHostProcess
# environment
HOME = /Users/marcusguimaraes
# default
MAKEFILEPATH := /Applications/Xcode.app/Contents/Developer/Makefiles
# environment
VSCODE_CODE_CACHE_PATH = /Users/marcusguimaraes/Library/Application Support/Code/CachedData/899d46d82c4c95423fb7e10e68eba52050e30ba3
# environment
LOGNAME = marcusguimaraes
# environment
APPLICATION_INSIGHTS_NO_DIAGNOSTIC_CHANNEL = true
# environment
NVM_CD_FLAGS = -q
# makefile (from `/Users/marcusguimaraes/Desktop/crafting-interpreters/clox/Makefile', line 9)
HEADERS := ./chunk.h ./common.h ./debug.h ./memory.h ./value.h
# environment
ZSH = /Users/marcusguimaraes/.oh-my-zsh
# environment
VSCODE_HANDLES_UNCAUGHT_ERRORS = true
# automatic
^D = $(patsubst %/,%,$(dir $^))
# environment
XPC_FLAGS = 0x0
# default
MAKE = $(MAKE_COMMAND)
# default
MAKECMDGOALS := all
# environment
SHLVL = 1
# makefile (from `/Users/marcusguimaraes/Desktop/crafting-interpreters/clox/Makefile', line 2)
CC = gcc
# makefile (from `/Users/marcusguimaraes/Desktop/crafting-interpreters/clox/Makefile', line 5)
BUILD_DIR = $(SOURCE_DIR)/build
# default
MAKE_VERSION := 3.81
# environment
USER = marcusguimaraes
# makefile
.DEFAULT_GOAL := out/clox
# environment
INCLUDE = /Users/marcusguimaraes/g3d/G3D10/external/glew.lib/include:/Users/marcusguimaraes/g3d/G3D10/external/glfw.lib/include:/Users/marcusguimaraes/g3d/G3D10/external/civetweb.lib/include:/Users/marcusguimaraes/g3d/G3D10/external/qrencode.lib/include:/Users/marcusguimaraes/g3d/G3D10/external/zlib.lib/include:/Users/marcusguimaraes/g3d/G3D10/external/physx/include:/Users/marcusguimaraes/g3d/G3D10/G3D-base.lib/include:/Users/marcusguimaraes/g3d/G3D10/G3D-gfx.lib/include:/Users/marcusguimaraes/g3d/G3D10/G3D-app.lib/include:/Users/marcusguimaraes/g3d/G3D10/external/tbb/include:/Users/marcusguimaraes/g3d/G3D10/external/glslang/glslang:
# makefile (from `/Users/marcusguimaraes/Desktop/crafting-interpreters/clox/Makefile', line 7)
NAME = clox
# environment
LESS = -R
# automatic
%D = $(patsubst %/,%,$(dir $%))
# makefile (from `/Users/marcusguimaraes/Desktop/crafting-interpreters/clox/Makefile', line 6)
OUT_DIR = $(SOURCE_DIR)/out
# environment
 
G3D10DATA = /Users/marcusguimaraes/g3d/G3D10/data-files:/Users/marcusguimaraes/g3d/data10/common:/Users/marcusguimaraes/g3d/data10/game:/Users/marcusguimaraes/g3d/data10/research
# default
MAKE_COMMAND := /Applications/Xcode.app/Contents/Developer/usr/bin/make
# default
.VARIABLES := 
# environment
TMPDIR = /var/folders/x6/ytl2jgyn4tg4q9q80pntbg_80000gn/T/
# automatic
*F = $(notdir $*)
# environment
g3d = /Users/marcusguimaraes/g3d
# makefile
MAKEFLAGS = Rrqp
# environment
MFLAGS = -Rrqp
# automatic
*D = $(patsubst %/,%,$(dir $*))
# environment
NVM_DIR = /Users/marcusguimaraes/.nvm
# environment
XPC_SERVICE_NAME = application.com.microsoft.VSCode.18969863.18969869
# automatic
+D = $(patsubst %/,%,$(dir $+))
# automatic
+F = $(notdir $+)
# environment
__CF_USER_TEXT_ENCODING = 0x1F5:0x0:0x0
# environment
COMMAND_MODE = unix2003
# default
MAKEFILES := 
# automatic
<F = $(notdir $<)
# environment
PAGER = less
# environment
LC_ALL = C
# automatic
^F = $(notdir $^)
# default
SUFFIXES := 
# default
.INCLUDE_DIRS = /usr/local/include
# environment
MAKELEVEL := 0
# makefile (from `/Users/marcusguimaraes/Desktop/crafting-interpreters/clox/Makefile', line 11)
OBJECTS := ./build/clox/chunk.o ./build/clox/debug.o ./build/clox/main.o ./build/clox/memory.o ./build/clox/value.o
# environment
LANG = C
# environment
VSCODE_PID = 1217
# environment
NVM_RC_VERSION = 
# variable set hash-table stats:
# Load=82/1024=8%, Rehash=0, Collisions=3/122=2%

# Pattern-specific Variable Values

# No pattern-specific variable values.

# Directories

# . (device 16777220, inode 19205378): 16 files, no impossibilities.

# 16 files, no impossibilities in 1 directories.

# Implicit Rules

build/clox/%.o: ./%.c ./chunk.h ./common.h ./debug.h ./memory.h ./value.h
#  commands to execute (from `/Users/marcusguimaraes/Desktop/crafting-interpreters/clox/Makefile', line 19):
	@ printf "%8s %-40s %s\n" $(CC) $< "$(CFLAGS)"
	@ mkdir -p $(BUILD_DIR)/$(NAME)
	@ $(CC) -c $(CFLAGS) -o $@ $<
	

# 1 implicit rules, 0 (0.0%) terminal.

# Files

# Not a target:
all:
#  Command-line target.
#  Implicit rule search has been done.
#  File does not exist.
#  File has not been updated.
# variable set hash-table stats:
# Load=0/32=0%, Rehash=0, Collisions=0/0=0%

# Not a target:
build/clox/main.o:
#  Implicit rule search has not been done.
#  Modification time never checked.
#  File has not been updated.

# Not a target:
.SUFFIXES:
#  Implicit rule search has not been done.
#  Modification time never checked.
#  File has not been updated.

# Not a target:
/Users/marcusguimaraes/Desktop/crafting-interpreters/clox/Makefile:
#  Implicit rule search has been done.
#  Last modified 2022-01-18 11:14:40
#  File has been updated.
#  Successfully updated.
# variable set hash-table stats:
# Load=0/32=0%, Rehash=0, Collisions=0/0=0%

# Not a target:
build/clox/memory.o:
#  Implicit rule search has not been done.
#  Modification time never checked.
#  File has not been updated.

# Not a target:
build/clox/debug.o:
#  Implicit rule search has not been done.
#  Modification time never checked.
#  File has not been updated.

out/clox: build/clox/chunk.o build/clox/debug.o build/clox/main.o build/clox/memory.o build/clox/value.o
#  Implicit rule search has not been done.
#  Modification time never checked.
#  File has not been updated.
#  commands to execute (from `/Users/marcusguimaraes/Desktop/crafting-interpreters/clox/Makefile', line 14):
	@ printf "%8s %-40s %s\n" $(CC) $@ "$(CFLAGS)"
	@ mkdir -p $(OUT_DIR)
	@ $(CC) $(CFLAGS) $^ -o $@
	

# Not a target:
.DEFAULT:
#  Implicit rule search has not been done.
#  Modification time never checked.
#  File has not been updated.

# Not a target:
build/clox/value.o:
#  Implicit rule search has not been done.
#  Modification time never checked.
#  File has not been updated.

clean:
#  Implicit rule search has not been done.
#  Modification time never checked.
#  File has not been updated.
#  commands to execute (from `/Users/marcusguimaraes/Desktop/crafting-interpreters/clox/Makefile', line 24):
	rm -rf $(BUILD_DIR)
	rm -rf $(OUT_DIR)
	

# Not a target:
build/clox/chunk.o:
#  Implicit rule search has not been done.
#  Modification time never checked.
#  File has not been updated.

# files hash-table stats:
# Load=11/1024=1%, Rehash=0, Collisions=0/28=0%
# VPATH Search Paths

 
# No `vpath' search paths.

# No general (`VPATH' variable) search path.

# # of strings in strcache: 1
# # of strcache buffers: 1
# strcache size: total = 4096 / max = 4096 / min = 4096 / avg = 4096
# strcache free: total = 4029 / max = 4029 / min = 4029 / avg = 4029

# Finished Make data base on Tue Jan 18 11:49:31 2022

 
